<?xml version="1.0" encoding="UTF-8"?>
<!-- Generated by org.testng.reporters.JUnitXMLReporter -->
<testsuite ignored="8" hostname="TYSS-Gowtham" failures="1" tests="2" name="Default test" time="108.316" errors="0" timestamp="17 Jul 2022 10:47:31 GMT">
  <testcase classname="com.aajtak.android.PermissionMessage.TC_AT_PermissionMessage_001" name="AT_PermissionMessage_001" time="51.366">
    <failure type="java.lang.AssertionError" message=" The element is not Present : FAILED">
      <![CDATA[java.lang.AssertionError:  The element is not Present : FAILED
at org.testng.Assert.fail(Assert.java:96)
at com.aajtak.android.init.BaseUtil.isElementExist(BaseUtil.java:370)
at com.aajtak.android.PermissionMessage.TC_AT_PermissionMessage_001.AT_PermissionMessage_001(TC_AT_PermissionMessage_001.java:36)
at java.base/jdk.internal.reflect.NativeMethodAccessorImpl.invoke0(Native Method)
at java.base/jdk.internal.reflect.NativeMethodAccessorImpl.invoke(NativeMethodAccessorImpl.java:62)
at java.base/jdk.internal.reflect.DelegatingMethodAccessorImpl.invoke(DelegatingMethodAccessorImpl.java:43)
at java.base/java.lang.reflect.Method.invoke(Method.java:566)
at org.testng.internal.MethodInvocationHelper.invokeMethod(MethodInvocationHelper.java:124)
at org.testng.internal.Invoker.invokeMethod(Invoker.java:583)
at org.testng.internal.Invoker.invokeTestMethod(Invoker.java:719)
at org.testng.internal.Invoker.invokeTestMethods(Invoker.java:989)
at org.testng.internal.TestMethodWorker.invokeTestMethods(TestMethodWorker.java:125)
at org.testng.internal.TestMethodWorker.run(TestMethodWorker.java:109)
at org.testng.TestRunner.privateRun(TestRunner.java:648)
at org.testng.TestRunner.run(TestRunner.java:505)
at org.testng.SuiteRunner.runTest(SuiteRunner.java:455)
at org.testng.SuiteRunner.runSequentially(SuiteRunner.java:450)
at org.testng.SuiteRunner.privateRun(SuiteRunner.java:415)
at org.testng.SuiteRunner.run(SuiteRunner.java:364)
at org.testng.SuiteRunnerWorker.runSuite(SuiteRunnerWorker.java:52)
at org.testng.SuiteRunnerWorker.run(SuiteRunnerWorker.java:84)
at org.testng.TestNG.runSuitesSequentially(TestNG.java:1208)
at org.testng.TestNG.runSuitesLocally(TestNG.java:1137)
at org.testng.TestNG.runSuites(TestNG.java:1049)
at org.testng.TestNG.run(TestNG.java:1017)
at org.testng.remote.AbstractRemoteTestNG.run(AbstractRemoteTestNG.java:115)
at org.testng.remote.RemoteTestNG.initAndRun(RemoteTestNG.java:251)
at org.testng.remote.RemoteTestNG.main(RemoteTestNG.java:77)
]]>
    </failure>
  </testcase> <!-- AT_PermissionMessage_001 -->
  <testcase classname="com.aajtak.android.PermissionMessage.TC_AT_PermissionMessage_002" name="AT_PermissionMessage_002" time="44.991"/>
  <testcase classname="com.aajtak.android.init.AppiumService" name="@BeforeSuite fileConfiguration" time="0.0">
    <ignored/>
  </testcase> <!-- @BeforeSuite fileConfiguration -->
  <testcase classname="com.aajtak.android.init.AppiumService" name="@BeforeSuite fileConfiguration" time="0.0">
    <ignored/>
  </testcase> <!-- @BeforeSuite fileConfiguration -->
  <testcase classname="com.aajtak.android.init.CommonConfig" name="@BeforeTest loadLog4j" time="0.0">
    <ignored/>
  </testcase> <!-- @BeforeTest loadLog4j -->
  <testcase classname="com.aajtak.android.init.CommonConfig" name="@BeforeTest loadLog4j" time="0.0">
    <ignored/>
  </testcase> <!-- @BeforeTest loadLog4j -->
  <testcase classname="com.aajtak.android.init.AppiumService" name="@BeforeSuite startServer" time="0.0">
    <ignored/>
  </testcase> <!-- @BeforeSuite startServer -->
  <testcase classname="com.aajtak.android.init.AppiumService" name="@BeforeSuite startServer" time="0.0">
    <ignored/>
  </testcase> <!-- @BeforeSuite startServer -->
  <testcase classname="com.aajtak.android.init.CommonConfig" name="@BeforeTest setUp" time="0.0">
    <ignored/>
  </testcase> <!-- @BeforeTest setUp -->
  <testcase classname="com.aajtak.android.init.CommonConfig" name="@BeforeTest setUp" time="0.0">
    <ignored/>
  </testcase> <!-- @BeforeTest setUp -->
</testsuite> <!-- Default test -->
